<?xml version="1.0" encoding="UTF-8"?>
<!-- Generated by org.testng.reporters.JUnitReportReporter -->
<testsuite hostname="RLE0577" name="com.automation.testcases.ShadowDom" tests="3" failures="0" timestamp="28 Jun 2021 14:49:37 GMT" time="19.091" errors="0">
  <testcase name="openURL" time="18.908" classname="com.automation.testcases.ShadowDom"/>
  <testcase name="printText" time="0.045" classname="com.automation.testcases.ShadowDom"/>
  <testcase name="printListText" time="0.138" classname="com.automation.testcases.ShadowDom"/>
</testsuite> <!-- com.automation.testcases.ShadowDom -->
