<?xml version="1.0" encoding="UTF-8"?>
<!-- Generated by org.testng.reporters.JUnitReportReporter -->
<testsuite hostname="RLE0577" name="com.automation.testcases.TheInternet" tests="3" failures="0" timestamp="28 Jun 2021 14:49:07 GMT" time="20.779" errors="0">
  <testcase name="openURL" time="20.049" classname="com.automation.testcases.TheInternet"/>
  <testcase name="sendTest1" time="0.407" classname="com.automation.testcases.TheInternet"/>
  <testcase name="sendTest2" time="0.323" classname="com.automation.testcases.TheInternet"/>
</testsuite> <!-- com.automation.testcases.TheInternet -->
